2022.10.16 15:15:25: Loaded teachers
2022.10.16 15:15:25: Loaded classes
2022.10.16 15:17:26: Loaded teachers
2022.10.16 15:17:26: Loaded classes
2022.10.16 15:31:21: Loaded teachers
2022.10.16 15:31:21: Loaded classes
2022.10.16 15:31:37: Saved teachers
2022.10.16 15:31:37: Added Thomas Anderson Teacher
2022.10.16 15:31:37: Saved teachers
2022.10.16 15:31:37: Added Han Solo Teacher
2022.10.16 15:31:37: Saved teachers
2022.10.16 15:31:37: Added Princess Leia Teacher
2022.10.16 15:31:37: Saved teachers
2022.10.16 15:31:37: Added Severus Snape Teacher
2022.10.16 15:31:37: Saved teachers
2022.10.16 15:31:37: Added Dolores Umbridge Teacher
2022.10.16 15:34:24: Loaded teachers
2022.10.16 15:36:19: Saved teachers
2022.10.16 15:36:19: Added Thomas Anderson Teacher
2022.10.16 15:36:19: Saved teachers
2022.10.16 15:36:19: Added Han Solo Teacher
2022.10.16 15:36:19: Saved teachers
2022.10.16 15:36:19: Added Princess Leia Teacher
2022.10.16 15:36:19: Saved teachers
2022.10.16 15:36:19: Added Severus Snape Teacher
2022.10.16 15:36:19: Saved teachers
2022.10.16 15:36:19: Added Dolores Umbridge Teacher
2022.10.16 15:37:28: Saved teachers
2022.10.16 15:37:59: Loaded teachers
2022.10.16 15:40:33: Loaded teachers
2022.10.16 15:41:23: Saved teachers
2022.10.16 15:41:23: Added Thomas Anderson Teacher
2022.10.16 15:41:23: Saved teachers
2022.10.16 15:41:23: Added Han Solo Teacher
2022.10.16 15:41:23: Saved teachers
2022.10.16 15:41:23: Added Princess Leia Teacher
2022.10.16 15:41:23: Saved teachers
2022.10.16 15:41:23: Added Severus Snape Teacher
2022.10.16 15:41:23: Saved teachers
2022.10.16 15:41:23: Added Dolores Umbridge Teacher
2022.10.16 15:41:23: Saved classes
2022.10.16 15:41:23: Added class 1A, profile humane
2022.10.16 15:41:31: Loaded teachers
2022.10.16 15:41:31: Loaded classes
